Arguments: 
  /usr/local/bin/node /usr/local/bin/yarn add transform-object-rest-spread

PATH: 
  /Users/joaobgusmao/Downloads/google-cloud-sdk/bin:/usr/local/sbin:/usr/local/bin:/usr/bin:/bin:/usr/sbin:/sbin:/opt/X11/bin:/Users/joaobgusmao/Downloads/google-cloud-sdk/bin:/usr/local/sbin:/Applications/apache-maven-3.3.9/bin:/Users/joaobgusmao/.composer/vendor/bin:/Users/joaobgusmao/.rvm/bin:/Applications/apache-maven-3.3.9/bin:/Users/joaobgusmao/.composer/vendor/bin:/Users/joaobgusmao/.rvm/bin

Yarn version: 
  1.3.2

Node version: 
  10.4.0

Platform: 
  darwin x64

npm manifest: 
  {
    "name": "ProxyServer",
    "version": "1.0.0",
    "description": "",
    "main": "index.js",
    "scripts": {
      "test": "echo \"Error: no test specified\" && exit 1",
      "babel": "babel-node index.js",
      "dev": "nodemon --exec babel-node index.js --inspect",
      "build": "rm -rf dist && mkdir dist && babel -d ./dist ./ --ignore node_modules -s",
      "start": "node dist/index.js"
    },
    "keywords": [],
    "author": "",
    "license": "ISC"
  }

yarn manifest: 
  No manifest

Lockfile: 
  No lockfile

Trace: 
  Error: https://registry.yarnpkg.com/transform-object-rest-spread: Not found
      at Request.params.callback [as _callback] (/usr/local/lib/node_modules/yarn/lib/cli.js:62098:18)
      at Request.self.callback (/usr/local/lib/node_modules/yarn/lib/cli.js:123085:22)
      at Request.emit (events.js:182:13)
      at Request.<anonymous> (/usr/local/lib/node_modules/yarn/lib/cli.js:124068:10)
      at Request.emit (events.js:182:13)
      at IncomingMessage.<anonymous> (/usr/local/lib/node_modules/yarn/lib/cli.js:123988:12)
      at Object.onceWrapper (events.js:273:13)
      at IncomingMessage.emit (events.js:187:15)
      at endReadableNT (_stream_readable.js:1081:12)
      at process._tickCallback (internal/process/next_tick.js:63:19)
